[20:44:43] [main/INFO] (FabricLoader/GameProvider) Loading Minecraft 1.20 with Fabric Loader 0.16.13
[20:44:43] [main/INFO] (FabricLoader) Loading 47 mods:
	- fabric-api 0.83.0+1.20
	- fabric-api-base 0.4.29+b04edc7a27
	- fabric-api-lookup-api-v1 1.6.34+4d8536c927
	- fabric-biome-api-v1 13.0.10+b3afc78b27
	- fabric-block-api-v1 1.0.9+e022e5d127
	- fabric-blockrenderlayer-v1 1.1.39+b3afc78b27
	- fabric-client-tags-api-v1 1.0.20+b3afc78b27
	- fabric-command-api-v2 2.2.11+b3afc78b27
	- fabric-content-registries-v0 4.0.7+b3afc78b27
	- fabric-convention-tags-v1 1.5.3+b3afc78b27
	- fabric-crash-report-info-v1 0.2.18+aeb40ebe27
	- fabric-data-generation-api-v1 12.1.10+b3afc78b27
	- fabric-dimensions-v1 2.1.51+b3afc78b27
	- fabric-entity-events-v1 1.5.21+b3afc78b27
	- fabric-events-interaction-v0 0.6.0+b3afc78b27
	- fabric-game-rule-api-v1 1.0.38+b04edc7a27
	- fabric-gametest-api-v1 1.2.10+b3afc78b27
	- fabric-item-api-v1 2.1.26+b3afc78b27
	- fabric-item-group-api-v1 4.0.7+b3afc78b27
	- fabric-key-binding-api-v1 1.0.36+fb8d95da27
	- fabric-lifecycle-events-v1 2.2.20+b3afc78b27
	- fabric-loot-api-v2 1.1.37+b3afc78b27
	- fabric-message-api-v1 5.1.6+b3afc78b27
	- fabric-mining-level-api-v1 2.1.47+b3afc78b27
	- fabric-models-v0 0.3.35+b3afc78b27
	- fabric-networking-api-v1 1.3.8+b3afc78b27
	- fabric-object-builder-api-v1 11.0.6+b3afc78b27
	- fabric-particles-v1 1.0.28+b3afc78b27
	- fabric-recipe-api-v1 1.0.18+b3afc78b27
	- fabric-registry-sync-v0 2.2.6+b3afc78b27
	- fabric-renderer-api-v1 3.0.1+b3afc78b27
	- fabric-renderer-indigo 1.3.1+b3afc78b27
	- fabric-rendering-data-attachment-v1 0.3.33+b3afc78b27
	- fabric-rendering-fluids-v1 3.0.26+b3afc78b27
	- fabric-rendering-v1 3.0.6+b3afc78b27
	- fabric-resource-conditions-api-v1 2.3.4+b3afc78b27
	- fabric-resource-loader-v0 0.11.7+f7923f6d27
	- fabric-screen-api-v1 2.0.6+b3afc78b27
	- fabric-screen-handler-api-v1 1.3.27+b3afc78b27
	- fabric-sound-api-v1 1.0.12+b3afc78b27
	- fabric-transfer-api-v1 3.2.2+b3afc78b27
	- fabric-transitive-access-wideners-v1 4.2.0+b3afc78b27
	- fabricloader 0.16.13
	- java 21
	- kill_bill 0.1-1.20
	- minecraft 1.20
	- mixinextras 0.4.1
[20:44:43] [main/INFO] (FabricLoader/Mixin) SpongePowered MIXIN Subsystem Version=0.8.7 Source=file:/C:/Users/23817/.gradle/caches/modules-2/files-2.1/net.fabricmc/sponge-mixin/0.15.4+mixin.0.8.7/6a12aacc794f1078458433116e9ed42c1cc98096/sponge-mixin-0.15.4+mixin.0.8.7.jar Service=Knot/Fabric Env=CLIENT
[20:44:43] [main/INFO] (FabricLoader/Mixin) Loaded Fabric development mappings for mixin remapper!
[20:44:44] [main/INFO] (FabricLoader/Mixin) Compatibility level set to JAVA_16
[20:44:44] [main/INFO] (FabricLoader/Mixin) Compatibility level set to JAVA_17
[20:44:44] [main/INFO] (FabricLoader/Mixin) Compatibility level set to JAVA_21
[20:44:45] [main/INFO] (FabricLoader/MixinExtras|Service) Initializing MixinExtras via com.llamalad7.mixinextras.service.MixinExtrasServiceImpl(version=0.4.1).
[20:44:49] [Datafixer Bootstrap/INFO] (Minecraft) 188 Datafixer optimizations took 137 milliseconds
[20:44:51] [Render thread/INFO] (Minecraft) [STDERR]: [LWJGL] [ThreadLocalUtil] Unsupported JNI version detected, this may result in a crash. Please inform LWJGL developers.
[20:44:51] [Render thread/INFO] (Minecraft) Environment: authHost='https://authserver.mojang.com', accountsHost='https://api.mojang.com', sessionHost='https://sessionserver.mojang.com', servicesHost='https://api.minecraftservices.com', name='PROD'
[20:44:51] [Render thread/ERROR] (Minecraft) Failed to verify authentication
com.mojang.authlib.exceptions.InvalidCredentialsException: Status: 401
	at com.mojang.authlib.exceptions.MinecraftClientHttpException.toAuthenticationException(MinecraftClientHttpException.java:56) ~[authlib-4.0.43.jar:?]
	at com.mojang.authlib.yggdrasil.YggdrasilUserApiService.fetchProperties(YggdrasilUserApiService.java:156) ~[authlib-4.0.43.jar:?]
	at com.mojang.authlib.yggdrasil.YggdrasilUserApiService.<init>(YggdrasilUserApiService.java:55) ~[authlib-4.0.43.jar:?]
	at com.mojang.authlib.yggdrasil.YggdrasilAuthenticationService.createUserApiService(YggdrasilAuthenticationService.java:124) ~[authlib-4.0.43.jar:?]
	at net.minecraft.client.MinecraftClient.createUserApiService(MinecraftClient.java:733) ~[minecraft-merged-c519cbe6f4-1.20-net.fabricmc.yarn.1_20.1.20+build.1-v2.jar:?]
	at net.minecraft.client.MinecraftClient.<init>(MinecraftClient.java:442) ~[minecraft-merged-c519cbe6f4-1.20-net.fabricmc.yarn.1_20.1.20+build.1-v2.jar:?]
	at net.minecraft.client.main.Main.main(Main.java:211) ~[minecraft-merged-c519cbe6f4-1.20-net.fabricmc.yarn.1_20.1.20+build.1-v2.jar:?]
	at net.fabricmc.loader.impl.game.minecraft.MinecraftGameProvider.launch(MinecraftGameProvider.java:480) ~[fabric-loader-0.16.13.jar:?]
	at net.fabricmc.loader.impl.launch.knot.Knot.launch(Knot.java:74) ~[fabric-loader-0.16.13.jar:?]
	at net.fabricmc.loader.impl.launch.knot.KnotClient.main(KnotClient.java:23) ~[fabric-loader-0.16.13.jar:?]
	at net.fabricmc.devlaunchinjector.Main.main(Main.java:86) ~[dev-launch-injector-0.2.1+build.8.jar:?]
Caused by: com.mojang.authlib.exceptions.MinecraftClientHttpException: Status: 401
	at com.mojang.authlib.minecraft.client.MinecraftClient.readInputStream(MinecraftClient.java:85) ~[authlib-4.0.43.jar:?]
	at com.mojang.authlib.minecraft.client.MinecraftClient.get(MinecraftClient.java:48) ~[authlib-4.0.43.jar:?]
	at com.mojang.authlib.yggdrasil.YggdrasilUserApiService.fetchProperties(YggdrasilUserApiService.java:129) ~[authlib-4.0.43.jar:?]
	... 9 more
[20:44:51] [Render thread/INFO] (Minecraft) Setting user: Player946
[20:44:51] [Render thread/INFO] (kill_bill) Hello Fabric world!
[20:44:52] [Render thread/INFO] (Indigo) [Indigo] Registering Indigo renderer!
[20:44:52] [Render thread/INFO] (Minecraft) Backend library: LWJGL version 3.3.2-snapshot
[20:44:53] [Render thread/INFO] (Minecraft) Reloading ResourceManager: vanilla, fabric (fabric-command-api-v2, fabric-dimensions-v1, fabric-screen-handler-api-v1, fabric-content-registries-v0, fabric-networking-api-v1, fabric-events-interaction-v0, fabric-item-api-v1, fabric-api-base, fabric-gametest-api-v1, fabric-particles-v1, fabric-client-tags-api-v1, fabric-mining-level-api-v1, fabric-crash-report-info-v1, fabric-renderer-api-v1, fabric-api, fabric-data-generation-api-v1, fabric-blockrenderlayer-v1, fabric-item-group-api-v1, fabric-resource-loader-v0, fabric-resource-conditions-api-v1, fabric-sound-api-v1, fabric-message-api-v1, fabric-recipe-api-v1, fabric-loot-api-v2, fabric-rendering-fluids-v1, fabric-entity-events-v1, fabric-registry-sync-v0, kill_bill, fabric-key-binding-api-v1, fabricloader, fabric-biome-api-v1, fabric-block-api-v1, fabric-rendering-data-attachment-v1, fabric-convention-tags-v1, fabric-transitive-access-wideners-v1, fabric-renderer-indigo, fabric-models-v0, fabric-rendering-v1, fabric-lifecycle-events-v1, fabric-api-lookup-api-v1, fabric-transfer-api-v1, fabric-screen-api-v1, fabric-game-rule-api-v1, fabric-object-builder-api-v1)
[20:44:53] [Worker-Main-2/INFO] (Minecraft) Found unifont_all_no_pua-15.0.06.hex, loading
[20:44:53] [Realms Notification Availability checker #1/INFO] (Minecraft) Could not authorize you against Realms server: Invalid session id
[20:44:54] [Render thread/WARN] (Minecraft) Missing sound for event: minecraft:item.goat_horn.play
[20:44:54] [Render thread/WARN] (Minecraft) Missing sound for event: minecraft:entity.goat.screaming.horn_break
[20:44:55] [Render thread/INFO] (Minecraft) OpenAL initialized on device OpenAL Soft on 耳机 (2- Realtek(R) Audio)
[20:44:55] [Render thread/INFO] (Minecraft) Sound engine started
[20:44:55] [Render thread/INFO] (Minecraft) Created: 1024x512x4 minecraft:textures/atlas/blocks.png-atlas
[20:44:55] [Render thread/INFO] (Minecraft) Created: 256x256x4 minecraft:textures/atlas/signs.png-atlas
[20:44:55] [Render thread/INFO] (Minecraft) Created: 512x512x4 minecraft:textures/atlas/shield_patterns.png-atlas
[20:44:55] [Render thread/INFO] (Minecraft) Created: 512x512x4 minecraft:textures/atlas/banner_patterns.png-atlas
[20:44:55] [Render thread/INFO] (Minecraft) Created: 1024x1024x4 minecraft:textures/atlas/armor_trims.png-atlas
[20:44:55] [Render thread/INFO] (Minecraft) Created: 128x64x4 minecraft:textures/atlas/decorated_pot.png-atlas
[20:44:55] [Render thread/INFO] (Minecraft) Created: 256x256x4 minecraft:textures/atlas/chest.png-atlas
[20:44:55] [Render thread/INFO] (Minecraft) Created: 512x256x4 minecraft:textures/atlas/shulker_boxes.png-atlas
[20:44:55] [Render thread/INFO] (Minecraft) Created: 512x256x4 minecraft:textures/atlas/beds.png-atlas
[20:44:55] [Render thread/WARN] (Minecraft) Shader rendertype_entity_translucent_emissive could not find sampler named Sampler2 in the specified shader program.
[20:44:55] [Render thread/INFO] (Minecraft) Created: 256x256x0 minecraft:textures/atlas/particles.png-atlas
[20:44:55] [Render thread/INFO] (Minecraft) Created: 256x256x0 minecraft:textures/atlas/paintings.png-atlas
[20:44:55] [Render thread/INFO] (Minecraft) Created: 128x128x0 minecraft:textures/atlas/mob_effects.png-atlas
[20:45:00] [Render thread/INFO] (Minecraft) Loaded 7 recipes
[20:45:00] [Render thread/INFO] (Minecraft) Loaded 1271 advancements
[20:45:00] [Render thread/INFO] (BiomeModificationImpl) Applied 0 biome modifications to 0 of 64 new biomes in 1.184 ms
[20:45:00] [Server thread/INFO] (Minecraft) Starting integrated minecraft server version 1.20
[20:45:00] [Server thread/INFO] (Minecraft) Generating keypair
[20:45:01] [Server thread/INFO] (Minecraft) Preparing start region for dimension minecraft:overworld
[20:45:02] [Render thread/INFO] (Minecraft) Preparing spawn area: 0%
[20:45:02] [Render thread/INFO] (Minecraft) Preparing spawn area: 0%
[20:45:02] [Render thread/INFO] (Minecraft) Preparing spawn area: 0%
[20:45:02] [Render thread/INFO] (Minecraft) Preparing spawn area: 0%
[20:45:03] [Render thread/INFO] (Minecraft) Preparing spawn area: 54%
[20:45:03] [Render thread/INFO] (Minecraft) Time elapsed: 2149 ms
[20:45:03] [Server thread/INFO] (Minecraft) Changing view distance to 12, from 10
[20:45:03] [Server thread/INFO] (Minecraft) Changing simulation distance to 12, from 0
[20:45:04] [Server thread/INFO] (Minecraft) Player946[local:E:a8bbce71] logged in with entity id 198 at (-9.092951924064485, 70.0, -13.330486094264021)
[20:45:04] [Server thread/INFO] (Minecraft) Player946 joined the game
[20:45:05] [Render thread/INFO] (Minecraft) Loaded 2 advancements
[20:45:41] [Server thread/INFO] (Minecraft) Saving and pausing game...
[20:45:41] [Server thread/INFO] (Minecraft) Saving chunks for level 'ServerLevel[New World]'/minecraft:overworld
[20:45:41] [Server thread/INFO] (Minecraft) Saving chunks for level 'ServerLevel[New World]'/minecraft:the_end
[20:45:41] [Server thread/INFO] (Minecraft) Saving chunks for level 'ServerLevel[New World]'/minecraft:the_nether
[20:45:46] [Render thread/INFO] (Minecraft) Reloading ResourceManager: vanilla, fabric (fabric-command-api-v2, fabric-dimensions-v1, fabric-screen-handler-api-v1, fabric-content-registries-v0, fabric-networking-api-v1, fabric-events-interaction-v0, fabric-item-api-v1, fabric-api-base, fabric-gametest-api-v1, fabric-particles-v1, fabric-client-tags-api-v1, fabric-mining-level-api-v1, fabric-crash-report-info-v1, fabric-renderer-api-v1, fabric-api, fabric-data-generation-api-v1, fabric-blockrenderlayer-v1, fabric-item-group-api-v1, fabric-resource-loader-v0, fabric-resource-conditions-api-v1, fabric-sound-api-v1, fabric-message-api-v1, fabric-recipe-api-v1, fabric-loot-api-v2, fabric-rendering-fluids-v1, fabric-entity-events-v1, fabric-registry-sync-v0, kill_bill, fabric-key-binding-api-v1, fabricloader, fabric-biome-api-v1, fabric-block-api-v1, fabric-rendering-data-attachment-v1, fabric-convention-tags-v1, fabric-transitive-access-wideners-v1, fabric-renderer-indigo, fabric-models-v0, fabric-rendering-v1, fabric-lifecycle-events-v1, fabric-api-lookup-api-v1, fabric-transfer-api-v1, fabric-screen-api-v1, fabric-game-rule-api-v1, fabric-object-builder-api-v1)
[20:45:46] [Worker-Main-12/INFO] (Minecraft) Found unifont_all_no_pua-15.0.06.hex, loading
[20:45:47] [Render thread/WARN] (Minecraft) Missing sound for event: minecraft:item.goat_horn.play
[20:45:47] [Render thread/WARN] (Minecraft) Missing sound for event: minecraft:entity.goat.screaming.horn_break
[20:45:47] [Render thread/INFO] (Minecraft) OpenAL initialized on device OpenAL Soft on 耳机 (2- Realtek(R) Audio)
[20:45:47] [Render thread/INFO] (Minecraft) Sound engine started
[20:45:47] [Render thread/INFO] (Minecraft) Created: 1024x512x4 minecraft:textures/atlas/blocks.png-atlas
[20:45:48] [Render thread/INFO] (Minecraft) Created: 256x256x4 minecraft:textures/atlas/signs.png-atlas
[20:45:48] [Render thread/INFO] (Minecraft) Created: 512x512x4 minecraft:textures/atlas/shield_patterns.png-atlas
[20:45:48] [Render thread/INFO] (Minecraft) Created: 512x512x4 minecraft:textures/atlas/banner_patterns.png-atlas
[20:45:48] [Render thread/INFO] (Minecraft) Created: 1024x1024x4 minecraft:textures/atlas/armor_trims.png-atlas
[20:45:48] [Render thread/INFO] (Minecraft) Created: 128x64x4 minecraft:textures/atlas/decorated_pot.png-atlas
[20:45:48] [Render thread/INFO] (Minecraft) Created: 256x256x4 minecraft:textures/atlas/chest.png-atlas
[20:45:48] [Render thread/INFO] (Minecraft) Created: 512x256x4 minecraft:textures/atlas/shulker_boxes.png-atlas
[20:45:48] [Render thread/INFO] (Minecraft) Created: 512x256x4 minecraft:textures/atlas/beds.png-atlas
[20:45:48] [Render thread/WARN] (Minecraft) Shader rendertype_entity_translucent_emissive could not find sampler named Sampler2 in the specified shader program.
[20:45:48] [Render thread/INFO] (Minecraft) Created: 256x256x0 minecraft:textures/atlas/particles.png-atlas
[20:45:48] [Render thread/INFO] (Minecraft) Created: 256x256x0 minecraft:textures/atlas/paintings.png-atlas
[20:45:48] [Render thread/INFO] (Minecraft) Created: 128x128x0 minecraft:textures/atlas/mob_effects.png-atlas
[20:46:56] [Render thread/INFO] (Minecraft) Loaded 13 advancements
[20:47:18] [Server thread/INFO] (Minecraft) Saving and pausing game...
[20:47:18] [Server thread/INFO] (Minecraft) Saving chunks for level 'ServerLevel[New World]'/minecraft:overworld
[20:47:18] [Server thread/INFO] (Minecraft) Saving chunks for level 'ServerLevel[New World]'/minecraft:the_end
[20:47:18] [Server thread/INFO] (Minecraft) Saving chunks for level 'ServerLevel[New World]'/minecraft:the_nether
[20:47:19] [Server thread/INFO] (Minecraft) Player946 lost connection: 连接中断
[20:47:19] [Server thread/INFO] (Minecraft) Player946退出了游戏
[20:47:19] [Server thread/INFO] (Minecraft) Stopping singleplayer server as player logged out
[20:47:19] [Server thread/INFO] (Minecraft) Stopping server
[20:47:19] [Server thread/INFO] (Minecraft) Saving players
[20:47:19] [Server thread/INFO] (Minecraft) Saving worlds
[20:47:20] [Server thread/INFO] (Minecraft) Saving chunks for level 'ServerLevel[New World]'/minecraft:overworld
[20:47:20] [Server thread/INFO] (Minecraft) Saving chunks for level 'ServerLevel[New World]'/minecraft:the_end
[20:47:20] [Server thread/INFO] (Minecraft) Saving chunks for level 'ServerLevel[New World]'/minecraft:the_nether
[20:47:20] [Server thread/INFO] (Minecraft) ThreadedAnvilChunkStorage (New World): All chunks are saved
[20:47:20] [Server thread/INFO] (Minecraft) ThreadedAnvilChunkStorage (DIM1): All chunks are saved
[20:47:20] [Server thread/INFO] (Minecraft) ThreadedAnvilChunkStorage (DIM-1): All chunks are saved
[20:47:20] [Server thread/INFO] (Minecraft) ThreadedAnvilChunkStorage: All dimensions are saved
[20:47:24] [Render thread/INFO] (Minecraft) Stopping!
